<?xml version="1.0" encoding="UTF-8"?>
<!-- Generated by org.testng.reporters.JUnitReportReporter -->
<testsuite hostname="raghav-Acer-One-14-Z8-415" failures="0" tests="10" name="OrangeHRMWebSite.OrangeHrmTest" time="88.359" errors="0" timestamp="2025-01-03T18:18:53 IST" skipped="2">
  <testcase classname="OrangeHRMWebSite.OrangeHrmTest" name="Logo" time="1.050"/>
  <testcase classname="OrangeHRMWebSite.OrangeHrmTest" name="InvalidLogin" time="2.181"/>
  <testcase classname="OrangeHRMWebSite.OrangeHrmTest" name="ValidLogin" time="4.588"/>
  <testcase classname="OrangeHRMWebSite.OrangeHrmTest" name="PIM" time="13.200"/>
  <testcase classname="OrangeHRMWebSite.OrangeHrmTest" name="SearchByName" time="11.874"/>
  <testcase classname="OrangeHRMWebSite.OrangeHrmTest" name="DeleteEmployee" time="17.920"/>
  <testcase classname="OrangeHRMWebSite.OrangeHrmTest" name="ListOfEmployee" time="16.235"/>
  <testcase classname="OrangeHRMWebSite.OrangeHrmTest" name="applyLeave" time="21.311"/>
  <testcase classname="OrangeHRMWebSite.OrangeHrmTest" name="SearchByID">
    <skipped/>
  </testcase> <!-- SearchByID -->
  <testcase classname="OrangeHRMWebSite.OrangeHrmTest" name="FileUpload">
    <skipped/>
  </testcase> <!-- FileUpload -->
</testsuite> <!-- OrangeHRMWebSite.OrangeHrmTest -->
