<?xml version="1.0" encoding="UTF-8"?>
<!-- Generated by org.testng.reporters.JUnitReportReporter -->
<testsuite hostname="raghav-Acer-One-14-Z8-415" failures="0" tests="1" name="AutomationDemoSite.RegisterFormTest" time="5.983" errors="0" timestamp="2025-01-17T16:29:05 IST" skipped="0">
  <testcase classname="AutomationDemoSite.RegisterFormTest" name="testRegistrationForm" time="5.983"/>
</testsuite> <!-- AutomationDemoSite.RegisterFormTest -->
