<?xml version="1.0" encoding="UTF-8"?>
<!-- Generated by org.testng.reporters.JUnitReportReporter -->
<testsuite hostname="raghav-Acer-One-14-Z8-415" failures="0" tests="1" name="AutomationDemoSite.AutomationSite" time="12.526" errors="0" timestamp="2025-01-30T19:26:28 IST" skipped="0">
  <testcase classname="AutomationDemoSite.AutomationSite" name="Test1" time="12.526"/>
</testsuite> <!-- AutomationDemoSite.AutomationSite -->
