<?xml version="1.0" encoding="UTF-8"?>
<!-- Generated by org.testng.reporters.JUnitReportReporter -->
<testsuite hostname="raghav-Acer-One-14-Z8-415" failures="0" tests="1" name="OrangeHRMWebSite.testclass" time="0.008" errors="0" timestamp="2025-01-01T23:56:53 IST" skipped="0">
  <testcase classname="OrangeHRMWebSite.testclass" name="testone" time="0.008"/>
</testsuite> <!-- OrangeHRMWebSite.testclass -->
