<?xml version="1.0" encoding="UTF-8"?>
<!-- Generated by org.testng.reporters.JUnitReportReporter -->
<testsuite hostname="raghav-Acer-One-14-Z8-415" failures="0" tests="1" name="basicselenium.CountHyperLinks" time="3.360" errors="0" timestamp="2025-01-27T23:18:07 IST" skipped="0">
  <testcase classname="basicselenium.CountHyperLinks" name="count" time="3.360"/>
</testsuite> <!-- basicselenium.CountHyperLinks -->
